------- FILE hello_world.asm LEVEL 1 PASS 2
      1  02a2 ????						; dasm hello_world.asm -o../progs/hello_world.o -l../build/hello_world.lst -s../build/hello_world.sym
      2  02a2 ????
      3  02a2 ????
      4  02a2 ????				      PROCESSOR	6502
      5  02a2 ????
      6  0280					      ORG	$0280
      7  0280
      8  0280		       ff ef	   ECHO       =	$FFEF
      9  0280		       ff 00	   MONITOR    =	$FF00
     10  0280
     11  0280				   BEGIN
     12  0280		       a2 00		      LDX	#$00
     13  0282
     14  0282				   PRINT
     15  0282		       bd 93 02 	      LDA	STRING,X
     16  0285		       c9 00		      CMP	#$00
     17  0287		       f0 07		      BEQ	DONE
     18  0289		       20 ef ff 	      JSR	ECHO
     19  028c		       e8		      INX
     20  028d		       4c 82 02 	      JMP	PRINT
     21  0290
     22  0290				   DONE
     23  0290		       4c 00 ff 	      JMP	MONITOR
     24  0293
     25  0293		       48 45 4c 4c*STRING     DC	"HELLO WORLD!!!", $00
     26  02a2
